<?xml version='1.0' encoding='UTF-8'?>
<datasources>
  <datasource jta="false" jndi-name="java:/jdbc/test" pool-name="jdbc/test" enabled="true" use-ccm="false">
    <connection-url>jdbc:h2:mem:test;DB_CLOSE_DELAY=-1</connection-url>
    <driver>h2</driver>
    <security>
      <user-name>test</user-name>
      <password>test</password>
    </security>
  </datasource>
</datasources>
